<?xml version="1.0" encoding="UTF-8"?>
<!-- Generated by org.testng.reporters.JUnitReportReporter -->
<testsuite skipped="0" hostname="IN01N03727" name="com.application.testsuites.RegressionSuite" tests="3" failures="0" timestamp="07 Jul 2021 06:58:06 GMT" time="2.011" errors="0">
  <testcase name="verifyUserLogin" time="0.405" classname="com.application.testsuites.RegressionSuite"/>
  <testcase name="verifyUserLogin" time="0.485" classname="com.application.testsuites.RegressionSuite"/>
  <testcase name="verifyHomepageLogo" time="1.121" classname="com.application.testsuites.RegressionSuite"/>
</testsuite> <!-- com.application.testsuites.RegressionSuite -->
