<?xml version="1.0" encoding="UTF-8"?>
<!-- Generated by org.testng.reporters.JUnitReportReporter -->
<testsuite skipped="0" hostname="IN01N03727" name="com.application.testsuites.RegressionSuite" tests="3" failures="0" timestamp="16 Jul 2021 08:36:21 GMT" time="1.677" errors="0">
  <testcase name="verifyUserLogin" time="0.307" classname="com.application.testsuites.RegressionSuite"/>
  <testcase name="verifyUserLogin" time="0.451" classname="com.application.testsuites.RegressionSuite"/>
  <testcase name="verifyHomepageLogo" time="0.919" classname="com.application.testsuites.RegressionSuite"/>
</testsuite> <!-- com.application.testsuites.RegressionSuite -->
